<?xml version="1.0" encoding="UTF-8"?>
<!-- Generated by org.testng.reporters.JUnitXMLReporter -->
<testsuite hostname="DESKTOP-ATOQJFI" ignored="0" name="Test" tests="1" failures="0" timestamp="2021-01-01T07:51:37 PST" time="85.865" errors="0">
  <testcase name="@BeforeTest invokeBrowser" time="84.931" classname="com.atmecs.phpdemo.testbase.TestBase">
    <failure type="org.openqa.selenium.WebDriverException" message="chrome not reachable
Build info: version: &amp;apos;3.141.59&amp;apos;, revision: &amp;apos;e82be7d358&amp;apos;, time: &amp;apos;2018-11-14T08:17:03&amp;apos;
System info: host: &amp;apos;DESKTOP-ATOQJFI&amp;apos;, ip: &amp;apos;192.168.43.118&amp;apos;, os.name: &amp;apos;Windows 10&amp;apos;, os.arch: &amp;apos;x86&amp;apos;, os.version: &amp;apos;10.0&amp;apos;, java.version: &amp;apos;1.8.0_211&amp;apos;
Driver info: driver.version: ChromeDriver
remote stacktrace: Backtrace:
	Ordinal0 [0x007EC0C3+3326147]
	Ordinal0 [0x006D0851+2164817]
	Ordinal0 [0x00557140+618816]
	Ordinal0 [0x0054D334+578356]
	Ordinal0 [0x004D1877+71799]
	Ordinal0 [0x004CE119+57625]
	Ordinal0 [0x004CC38A+50058]
	Ordinal0 [0x004F5F3E+220990]
	Ordinal0 [0x004F5CAC+220332]
	Ordinal0 [0x004F189B+202907]
	Ordinal0 [0x004D3DF4+81396]
	Ordinal0 [0x004D4DEE+85486]
	Ordinal0 [0x004D4D79+85369]
	Ordinal0 [0x006E85DC+2262492]
	GetHandleVerifier [0x00972874+1487204]
	GetHandleVerifier [0x009723CD+1486013]
	GetHandleVerifier [0x0097A368+1518680]
	GetHandleVerifier [0x00972F4E+1488958]
	Ordinal0 [0x006DED0D+2223373]
	Ordinal0 [0x006EA12B+2269483]
	Ordinal0 [0x006EA26F+2269807]
	Ordinal0 [0x006FECB8+2354360]
	BaseThreadInitThunk [0x75476359+25]
	RtlGetAppContainerNamedObjectPath [0x77B78944+228]
	RtlGetAppContainerNamedObjectPath [0x77B78914+180]
">
      <![CDATA[org.openqa.selenium.WebDriverException: chrome not reachable
Build info: version: '3.141.59', revision: 'e82be7d358', time: '2018-11-14T08:17:03'
System info: host: 'DESKTOP-ATOQJFI', ip: '192.168.43.118', os.name: 'Windows 10', os.arch: 'x86', os.version: '10.0', java.version: '1.8.0_211'
Driver info: driver.version: ChromeDriver
remote stacktrace: Backtrace:
Ordinal0 [0x007EC0C3+3326147]
Ordinal0 [0x006D0851+2164817]
Ordinal0 [0x00557140+618816]
Ordinal0 [0x0054D334+578356]
Ordinal0 [0x004D1877+71799]
Ordinal0 [0x004CE119+57625]
Ordinal0 [0x004CC38A+50058]
Ordinal0 [0x004F5F3E+220990]
Ordinal0 [0x004F5CAC+220332]
Ordinal0 [0x004F189B+202907]
Ordinal0 [0x004D3DF4+81396]
Ordinal0 [0x004D4DEE+85486]
Ordinal0 [0x004D4D79+85369]
Ordinal0 [0x006E85DC+2262492]
GetHandleVerifier [0x00972874+1487204]
GetHandleVerifier [0x009723CD+1486013]
GetHandleVerifier [0x0097A368+1518680]
GetHandleVerifier [0x00972F4E+1488958]
Ordinal0 [0x006DED0D+2223373]
Ordinal0 [0x006EA12B+2269483]
Ordinal0 [0x006EA26F+2269807]
Ordinal0 [0x006FECB8+2354360]
BaseThreadInitThunk [0x75476359+25]
RtlGetAppContainerNamedObjectPath [0x77B78944+228]
RtlGetAppContainerNamedObjectPath [0x77B78914+180]

at org.openqa.selenium.remote.W3CHandshakeResponse.lambda$errorHandler$0(W3CHandshakeResponse.java:62)
at org.openqa.selenium.remote.HandshakeResponse.lambda$getResponseFunction$0(HandshakeResponse.java:30)
at org.openqa.selenium.remote.ProtocolHandshake.lambda$createSession$0(ProtocolHandshake.java:126)
at java.util.stream.ReferencePipeline$3$1.accept(ReferencePipeline.java:193)
at java.util.Spliterators$ArraySpliterator.tryAdvance(Spliterators.java:958)
at java.util.stream.ReferencePipeline.forEachWithCancel(ReferencePipeline.java:126)
at java.util.stream.AbstractPipeline.copyIntoWithCancel(AbstractPipeline.java:498)
at java.util.stream.AbstractPipeline.copyInto(AbstractPipeline.java:485)
at java.util.stream.AbstractPipeline.wrapAndCopyInto(AbstractPipeline.java:471)
at java.util.stream.FindOps$FindOp.evaluateSequential(FindOps.java:152)
at java.util.stream.AbstractPipeline.evaluate(AbstractPipeline.java:234)
at java.util.stream.ReferencePipeline.findFirst(ReferencePipeline.java:464)
at org.openqa.selenium.remote.ProtocolHandshake.createSession(ProtocolHandshake.java:128)
at org.openqa.selenium.remote.ProtocolHandshake.createSession(ProtocolHandshake.java:74)
at org.openqa.selenium.remote.HttpCommandExecutor.execute(HttpCommandExecutor.java:136)
at org.openqa.selenium.remote.service.DriverCommandExecutor.execute(DriverCommandExecutor.java:83)
at org.openqa.selenium.remote.RemoteWebDriver.execute(RemoteWebDriver.java:552)
at org.openqa.selenium.remote.RemoteWebDriver.startSession(RemoteWebDriver.java:213)
at org.openqa.selenium.remote.RemoteWebDriver.<init>(RemoteWebDriver.java:131)
at org.openqa.selenium.chrome.ChromeDriver.<init>(ChromeDriver.java:181)
at org.openqa.selenium.chrome.ChromeDriver.<init>(ChromeDriver.java:168)
at org.openqa.selenium.chrome.ChromeDriver.<init>(ChromeDriver.java:123)
at com.atmecs.phpdemo.testbase.TestBase.invokeBrowser(TestBase.java:29)
... Removed 28 stack frames]]>
    </failure>
  </testcase> <!-- @BeforeTest invokeBrowser -->
  <testcase name="validateHomePage" time="0.0" classname="com.atmecs.phpdemo.testscript.HomePageValidation">
    <skipped/>
  </testcase> <!-- validateHomePage -->
</testsuite> <!-- Test -->
